#
# A fatal error has been detected by the Java Runtime Environment:
#
#  EXCEPTION_ACCESS_VIOLATION (0xc0000005) at pc=0x00007ffd7ba15184, pid=13152, tid=1408
#
# JRE version: Java(TM) SE Runtime Environment (11.0.6+8) (build 11.0.6+8-LTS)
# Java VM: Java HotSpot(TM) 64-Bit Server VM (11.0.6+8-LTS, mixed mode, tiered, compressed oops, g1 gc, windows-amd64)
# Problematic frame:
# V  [jvm.dll+0x2f5184]
#
# No core dump will be written. Minidumps are not enabled by default on client versions of Windows
#
# If you would like to submit a bug report, please visit:
#   http://bugreport.java.com/bugreport/crash.jsp
#

---------------  S U M M A R Y ------------

Command Line: -Dfile.encoding=Cp1252 io.helidon.microprofile.server.Main -Dserver.port=7003

Host: Intel(R) Core(TM) i7-4790 CPU @ 3.60GHz, 8 cores, 15G,  Windows 10 , 64 bit Build 18362 (10.0.18362.329)
Time: Mon Mar 30 16:02:40 2020 Hora est. Pacífico, Sudamérica elapsed time: 0 seconds (0d 0h 0m 0s)

---------------  T H R E A D  ---------------

Current thread (0x0000021dd4a1c800):  GCTaskThread "GC Thread#3" [stack: 0x0000006757700000,0x0000006757800000] [id=1408]

Stack: [0x0000006757700000,0x0000006757800000],  sp=0x00000067577ff330,  free space=1020k
Native frames: (J=compiled Java code, j=interpreted, Vv=VM code, C=native code)
V  [jvm.dll+0x2f5184]
V  [jvm.dll+0x2e4ab0]
V  [jvm.dll+0x2e4899]
V  [jvm.dll+0x2e4f8b]
V  [jvm.dll+0x2e53e3]
V  [jvm.dll+0x2e4f27]
V  [jvm.dll+0x3168b9]
V  [jvm.dll+0x31457d]
V  [jvm.dll+0x3173fa]
V  [jvm.dll+0x2f186e]
V  [jvm.dll+0x2f5b72]
V  [jvm.dll+0x7a8190]
V  [jvm.dll+0x733905]
V  [jvm.dll+0x635846]
C  [ucrtbase.dll+0x20e72]
C  [KERNEL32.DLL+0x17bd4]
C  [ntdll.dll+0x6ced1]


siginfo: EXCEPTION_ACCESS_VIOLATION (0xc0000005), reading address 0x0000000400000003


Register to memory mapping:

RIP=0x00007ffd7ba15184 jvm.dll
RAX=0x0000000400000003 is an unknown value
RBX=0x0000021dacf3e250 points into unknown readable memory: a0 cd f9 7b fd 7f 00 00
RCX=0x0000021dace5bab0 points into unknown readable memory: 03 00 00 00 04 00 00 00
RDX=0x0000021daf0c4b50 points into unknown readable memory: 40 a7 fa 7b fd 7f 00 00
RSP=0x00000067577ff330 points into unknown readable memory: 60 55 53 d4 1d 02 00 00
RBP=0x000000000000158b is an unknown value
RSI=0x0000021daf0c4b50 points into unknown readable memory: 40 a7 fa 7b fd 7f 00 00
RDI=0x0000021daf0c4b50 points into unknown readable memory: 40 a7 fa 7b fd 7f 00 00
R8 =0x0000000000100000 is an unknown value
R9 =0x0000000000000002 is an unknown value
R10=0x0000000000000008 is an unknown value
R11=0x00000067577ff350 points into unknown readable memory: 50 4b 0c af 1d 02 00 00
R12=0x00000067577ff4f0 points into unknown readable memory: 00 00 00 00 00 00 00 00
R13=0x000000000000158b is an unknown value
R14=0x0000021daf03d090 points into unknown readable memory: 98 c0 f9 7b fd 7f 00 00
R15=0x000000000000158d is an unknown value


Registers:
RAX=0x0000000400000003, RBX=0x0000021dacf3e250, RCX=0x0000021dace5bab0, RDX=0x0000021daf0c4b50
RSP=0x00000067577ff330, RBP=0x000000000000158b, RSI=0x0000021daf0c4b50, RDI=0x0000021daf0c4b50
R8 =0x0000000000100000, R9 =0x0000000000000002, R10=0x0000000000000008, R11=0x00000067577ff350
R12=0x00000067577ff4f0, R13=0x000000000000158b, R14=0x0000021daf03d090, R15=0x000000000000158d
RIP=0x00007ffd7ba15184, EFLAGS=0x0000000000010202

Top of Stack: (sp=0x00000067577ff330)
0x00000067577ff330:   0000021dd4535560 0000021dd4535638
0x00000067577ff340:   00000000000000d8 00000067577ff720
0x00000067577ff350:   0000021daf0c4b50 00007ffd7ba04ab0
0x00000067577ff360:   0000000000002b30 0000000000000002
0x00000067577ff370:   00000007010fd4d0 00007ffd7ba0b563
0x00000067577ff380:   00000067577ff3b0 00007ffd7ba04563
0x00000067577ff390:   000000000000158b 0000000000000000
0x00000067577ff3a0:   0000021daf03d090 00007ffd7ba04899
0x00000067577ff3b0:   0000000000000566 000000000000158b
0x00000067577ff3c0:   0000021daf0c4b50 000000000000158d
0x00000067577ff3d0:   000000000000158b 00007ffd7ba04f8b
0x00000067577ff3e0:   0000021daf03d090 00000067577ff4f0
0x00000067577ff3f0:   000000000000158b 0000021dd4a1c800
0x00000067577ff400:   00000067577ff4f0 0000000000000001
0x00000067577ff410:   0000000000000000 00007ffd7ba053e3
0x00000067577ff420:   0000021daf024440 0000021daf03d000 

Instructions: (pc=0x00007ffd7ba15184)
0x00007ffd7ba15164:   e0 04 00 00 4c 01 80 d0 00 00 00 41 80 f9 02 75
0x00007ffd7ba15174:   17 48 8b 8b 30 02 00 00 48 85 c9 74 05 48 8b 01
0x00007ffd7ba15184:   ff 10 ff 83 38 02 00 00 48 8d 8b b1 04 00 00 48
0x00007ffd7ba15194:   8b d7 48 8b 5c 24 30 48 83 c4 20 5f e9 fb fe ff 


Stack slot to memory mapping:
stack at sp + 0 slots: 0x0000021dd4535560 points into unknown readable memory: 5c 00 4d 00 69 00 6b 00
stack at sp + 1 slots: 0x0000021dd4535638 points into unknown readable memory: 18 be 59 24 00 05 00 88
stack at sp + 2 slots: 0x00000000000000d8 is an unknown value
stack at sp + 3 slots: 0x00000067577ff720 points into unknown readable memory: 00 c8 a1 d4 1d 02 00 00
stack at sp + 4 slots: 0x0000021daf0c4b50 points into unknown readable memory: 40 a7 fa 7b fd 7f 00 00
stack at sp + 5 slots: 0x00007ffd7ba04ab0 jvm.dll
stack at sp + 6 slots: 0x0000000000002b30 is an unknown value
stack at sp + 7 slots: 0x0000000000000002 is an unknown value


---------------  P R O C E S S  ---------------

Threads class SMR info:
_java_thread_list=0x0000021dd35a3910, length=12, elements={
0x0000021daf028800, 0x0000021dd327d000, 0x0000021dd3286800, 0x0000021dd3295000,
0x0000021dd3297000, 0x0000021dd32a1000, 0x0000021dd29cc800, 0x0000021dd29ce000,
0x0000021dd3596000, 0x0000021dd3401000, 0x0000021dd3403000, 0x0000021dd4402000
}

Java Threads: ( => current thread )
  0x0000021daf028800 JavaThread "main" [_thread_blocked, id=15876, stack(0x0000006756200000,0x0000006756300000)]
  0x0000021dd327d000 JavaThread "Reference Handler" daemon [_thread_blocked, id=15064, stack(0x0000006756900000,0x0000006756a00000)]
  0x0000021dd3286800 JavaThread "Finalizer" daemon [_thread_blocked, id=13356, stack(0x0000006756a00000,0x0000006756b00000)]
  0x0000021dd3295000 JavaThread "Signal Dispatcher" daemon [_thread_blocked, id=5512, stack(0x0000006756b00000,0x0000006756c00000)]
  0x0000021dd3297000 JavaThread "Attach Listener" daemon [_thread_blocked, id=14756, stack(0x0000006756c00000,0x0000006756d00000)]
  0x0000021dd32a1000 JavaThread "C2 CompilerThread0" daemon [_thread_blocked, id=15032, stack(0x0000006756d00000,0x0000006756e00000)]
  0x0000021dd29cc800 JavaThread "C1 CompilerThread0" daemon [_thread_blocked, id=1328, stack(0x0000006756e00000,0x0000006756f00000)]
  0x0000021dd29ce000 JavaThread "Sweeper thread" daemon [_thread_blocked, id=9336, stack(0x0000006756f00000,0x0000006757000000)]
  0x0000021dd3596000 JavaThread "Service Thread" daemon [_thread_blocked, id=12316, stack(0x0000006757000000,0x0000006757100000)]
  0x0000021dd3401000 JavaThread "Common-Cleaner" daemon [_thread_blocked, id=4280, stack(0x0000006757200000,0x0000006757300000)]
  0x0000021dd3403000 JavaThread "C2 CompilerThread1" daemon [_thread_blocked, id=15716, stack(0x0000006757300000,0x0000006757400000)]
  0x0000021dd4402000 JavaThread "C2 CompilerThread2" daemon [_thread_blocked, id=16344, stack(0x0000006757400000,0x0000006757500000)]

Other Threads:
  0x0000021dd3257800 VMThread "VM Thread" [stack: 0x0000006756800000,0x0000006756900000] [id=13532]
  0x0000021dd3400000 WatcherThread [stack: 0x0000006757100000,0x0000006757200000] [id=11848]
  0x0000021daf03b000 GCTaskThread "GC Thread#0" [stack: 0x0000006756300000,0x0000006756400000] [id=13800]
  0x0000021dd4c99800 GCTaskThread "GC Thread#1" [stack: 0x0000006757500000,0x0000006757600000] [id=2588]
  0x0000021dd50c0800 GCTaskThread "GC Thread#2" [stack: 0x0000006757600000,0x0000006757700000] [id=11100]
=>0x0000021dd4a1c800 GCTaskThread "GC Thread#3" [stack: 0x0000006757700000,0x0000006757800000] [id=1408]
  0x0000021dd4537800 GCTaskThread "GC Thread#4" [stack: 0x0000006757800000,0x0000006757900000] [id=7444]
  0x0000021dd4e76000 GCTaskThread "GC Thread#5" [stack: 0x0000006757900000,0x0000006757a00000] [id=1648]
  0x0000021daf09a800 ConcurrentGCThread "G1 Main Marker" [stack: 0x0000006756400000,0x0000006756500000] [id=11036]
  0x0000021daf09d000 ConcurrentGCThread "G1 Conc#0" [stack: 0x0000006756500000,0x0000006756600000] [id=16148]
  0x0000021dd28b9000 ConcurrentGCThread "G1 Refine#0" [stack: 0x0000006756600000,0x0000006756700000] [id=14644]
  0x0000021dd28ba000 ConcurrentGCThread "G1 Young RemSet Sampling" [stack: 0x0000006756700000,0x0000006756800000] [id=6612]

Threads with active compile tasks:
C2 CompilerThread0 900       4       jdk.internal.org.objectweb.asm.Item::set (219 bytes)
C1 CompilerThread0 916       3       java.util.jar.JarFile::getManEntry (91 bytes)

VM state:at safepoint (normal execution)

VM Mutex/Monitor currently owned by a thread:  ([mutex/lock_event])
[0x0000021daf024440] FreeList_lock - owner thread: 0x0000021dd4a1c800
[0x0000021daf024760] Threads_lock - owner thread: 0x0000021dd3257800
[0x0000021daf024be0] Heap_lock - owner thread: 0x0000021daf028800

Heap address: 0x0000000701000000, size: 4080 MB, Compressed Oops mode: Zero based, Oop shift amount: 3
Narrow klass base: 0x0000000800000000, Narrow klass shift: 0
Compressed class space size: 1073741824 Address: 0x0000000800000000

Heap:
 garbage-first heap   total 262144K, used 24576K [0x0000000701000000, 0x0000000800000000)
  region size 1024K, 27 young (27648K), 3 survivors (3072K)
 Metaspace       used 11116K, capacity 11408K, committed 11520K, reserved 1058816K
  class space    used 1107K, capacity 1195K, committed 1280K, reserved 1048576K
Heap Regions: E=young(eden), S=young(survivor), O=old, HS=humongous(starts), HC=humongous(continues), CS=collection set, F=free, A=archive, TAMS=top-at-mark-start (previous, next)
|   0|0x0000000701000000, 0x0000000701100000, 0x0000000701100000|100%| O|  |TAMS 0x0000000701000000, 0x0000000701000000| Untracked 
|   1|0x0000000701100000, 0x0000000701100000, 0x0000000701200000|  0%| F|  |TAMS 0x0000000701100000, 0x0000000701100000| Untracked 
|   2|0x0000000701200000, 0x0000000701200000, 0x0000000701300000|  0%| F|  |TAMS 0x0000000701200000, 0x0000000701200000| Untracked 
|   3|0x0000000701300000, 0x0000000701300000, 0x0000000701400000|  0%| F|  |TAMS 0x0000000701300000, 0x0000000701300000| Untracked 
|   4|0x0000000701400000, 0x0000000701400000, 0x0000000701500000|  0%| F|  |TAMS 0x0000000701400000, 0x0000000701400000| Untracked 
|   5|0x0000000701500000, 0x0000000701500000, 0x0000000701600000|  0%| F|  |TAMS 0x0000000701500000, 0x0000000701500000| Untracked 
|   6|0x0000000701600000, 0x0000000701600000, 0x0000000701700000|  0%| F|  |TAMS 0x0000000701600000, 0x0000000701600000| Untracked 
|   7|0x0000000701700000, 0x0000000701700000, 0x0000000701800000|  0%| F|  |TAMS 0x0000000701700000, 0x0000000701700000| Untracked 
|   8|0x0000000701800000, 0x0000000701800000, 0x0000000701900000|  0%| F|  |TAMS 0x0000000701800000, 0x0000000701800000| Untracked 
|   9|0x0000000701900000, 0x0000000701900000, 0x0000000701a00000|  0%| F|  |TAMS 0x0000000701900000, 0x0000000701900000| Untracked 
|  10|0x0000000701a00000, 0x0000000701a00000, 0x0000000701b00000|  0%| F|  |TAMS 0x0000000701a00000, 0x0000000701a00000| Untracked 
|  11|0x0000000701b00000, 0x0000000701b00000, 0x0000000701c00000|  0%| F|  |TAMS 0x0000000701b00000, 0x0000000701b00000| Untracked 
|  12|0x0000000701c00000, 0x0000000701c00000, 0x0000000701d00000|  0%| F|  |TAMS 0x0000000701c00000, 0x0000000701c00000| Untracked 
|  13|0x0000000701d00000, 0x0000000701d00000, 0x0000000701e00000|  0%| F|  |TAMS 0x0000000701d00000, 0x0000000701d00000| Untracked 
|  14|0x0000000701e00000, 0x0000000701e00000, 0x0000000701f00000|  0%| F|  |TAMS 0x0000000701e00000, 0x0000000701e00000| Untracked 
|  15|0x0000000701f00000, 0x0000000701f00000, 0x0000000702000000|  0%| F|  |TAMS 0x0000000701f00000, 0x0000000701f00000| Untracked 
|  16|0x0000000702000000, 0x0000000702000000, 0x0000000702100000|  0%| F|  |TAMS 0x0000000702000000, 0x0000000702000000| Untracked 
|  17|0x0000000702100000, 0x0000000702100000, 0x0000000702200000|  0%| F|  |TAMS 0x0000000702100000, 0x0000000702100000| Untracked 
|  18|0x0000000702200000, 0x0000000702200000, 0x0000000702300000|  0%| F|  |TAMS 0x0000000702200000, 0x0000000702200000| Untracked 
|  19|0x0000000702300000, 0x0000000702300000, 0x0000000702400000|  0%| F|  |TAMS 0x0000000702300000, 0x0000000702300000| Untracked 
|  20|0x0000000702400000, 0x0000000702400000, 0x0000000702500000|  0%| F|  |TAMS 0x0000000702400000, 0x0000000702400000| Untracked 
|  21|0x0000000702500000, 0x0000000702500000, 0x0000000702600000|  0%| F|  |TAMS 0x0000000702500000, 0x0000000702500000| Untracked 
|  22|0x0000000702600000, 0x0000000702600000, 0x0000000702700000|  0%| F|  |TAMS 0x0000000702600000, 0x0000000702600000| Untracked 
|  23|0x0000000702700000, 0x0000000702700000, 0x0000000702800000|  0%| F|  |TAMS 0x0000000702700000, 0x0000000702700000| Untracked 
|  24|0x0000000702800000, 0x0000000702800000, 0x0000000702900000|  0%| F|  |TAMS 0x0000000702800000, 0x0000000702800000| Untracked 
|  25|0x0000000702900000, 0x0000000702900000, 0x0000000702a00000|  0%| F|  |TAMS 0x0000000702900000, 0x0000000702900000| Untracked 
|  26|0x0000000702a00000, 0x0000000702a00000, 0x0000000702b00000|  0%| F|  |TAMS 0x0000000702a00000, 0x0000000702a00000| Untracked 
|  27|0x0000000702b00000, 0x0000000702b00000, 0x0000000702c00000|  0%| F|  |TAMS 0x0000000702b00000, 0x0000000702b00000| Untracked 
|  28|0x0000000702c00000, 0x0000000702c00000, 0x0000000702d00000|  0%| F|  |TAMS 0x0000000702c00000, 0x0000000702c00000| Untracked 
|  29|0x0000000702d00000, 0x0000000702d00000, 0x0000000702e00000|  0%| F|  |TAMS 0x0000000702d00000, 0x0000000702d00000| Untracked 
|  30|0x0000000702e00000, 0x0000000702e00000, 0x0000000702f00000|  0%| F|  |TAMS 0x0000000702e00000, 0x0000000702e00000| Untracked 
|  31|0x0000000702f00000, 0x0000000702f00000, 0x0000000703000000|  0%| F|  |TAMS 0x0000000702f00000, 0x0000000702f00000| Untracked 
|  32|0x0000000703000000, 0x0000000703000000, 0x0000000703100000|  0%| F|  |TAMS 0x0000000703000000, 0x0000000703000000| Untracked 
|  33|0x0000000703100000, 0x0000000703100000, 0x0000000703200000|  0%| F|  |TAMS 0x0000000703100000, 0x0000000703100000| Untracked 
|  34|0x0000000703200000, 0x0000000703200000, 0x0000000703300000|  0%| F|  |TAMS 0x0000000703200000, 0x0000000703200000| Untracked 
|  35|0x0000000703300000, 0x0000000703300000, 0x0000000703400000|  0%| F|  |TAMS 0x0000000703300000, 0x0000000703300000| Untracked 
|  36|0x0000000703400000, 0x0000000703400000, 0x0000000703500000|  0%| F|  |TAMS 0x0000000703400000, 0x0000000703400000| Untracked 
|  37|0x0000000703500000, 0x0000000703500000, 0x0000000703600000|  0%| F|  |TAMS 0x0000000703500000, 0x0000000703500000| Untracked 
|  38|0x0000000703600000, 0x0000000703600000, 0x0000000703700000|  0%| F|  |TAMS 0x0000000703600000, 0x0000000703600000| Untracked 
|  39|0x0000000703700000, 0x0000000703700000, 0x0000000703800000|  0%| F|  |TAMS 0x0000000703700000, 0x0000000703700000| Untracked 
|  40|0x0000000703800000, 0x0000000703800000, 0x0000000703900000|  0%| F|  |TAMS 0x0000000703800000, 0x0000000703800000| Untracked 
|  41|0x0000000703900000, 0x0000000703900000, 0x0000000703a00000|  0%| F|  |TAMS 0x0000000703900000, 0x0000000703900000| Untracked 
|  42|0x0000000703a00000, 0x0000000703a00000, 0x0000000703b00000|  0%| F|  |TAMS 0x0000000703a00000, 0x0000000703a00000| Untracked 
|  43|0x0000000703b00000, 0x0000000703b00000, 0x0000000703c00000|  0%| F|  |TAMS 0x0000000703b00000, 0x0000000703b00000| Untracked 
|  44|0x0000000703c00000, 0x0000000703c00000, 0x0000000703d00000|  0%| F|  |TAMS 0x0000000703c00000, 0x0000000703c00000| Untracked 
|  45|0x0000000703d00000, 0x0000000703d00000, 0x0000000703e00000|  0%| F|  |TAMS 0x0000000703d00000, 0x0000000703d00000| Untracked 
|  46|0x0000000703e00000, 0x0000000703e00000, 0x0000000703f00000|  0%| F|  |TAMS 0x0000000703e00000, 0x0000000703e00000| Untracked 
|  47|0x0000000703f00000, 0x0000000703f00000, 0x0000000704000000|  0%| F|  |TAMS 0x0000000703f00000, 0x0000000703f00000| Untracked 
|  48|0x0000000704000000, 0x0000000704000000, 0x0000000704100000|  0%| F|  |TAMS 0x0000000704000000, 0x0000000704000000| Untracked 
|  49|0x0000000704100000, 0x0000000704100000, 0x0000000704200000|  0%| F|  |TAMS 0x0000000704100000, 0x0000000704100000| Untracked 
|  50|0x0000000704200000, 0x0000000704200000, 0x0000000704300000|  0%| F|  |TAMS 0x0000000704200000, 0x0000000704200000| Untracked 
|  51|0x0000000704300000, 0x0000000704300000, 0x0000000704400000|  0%| F|  |TAMS 0x0000000704300000, 0x0000000704300000| Untracked 
|  52|0x0000000704400000, 0x0000000704400000, 0x0000000704500000|  0%| F|  |TAMS 0x0000000704400000, 0x0000000704400000| Untracked 
|  53|0x0000000704500000, 0x0000000704500000, 0x0000000704600000|  0%| F|  |TAMS 0x0000000704500000, 0x0000000704500000| Untracked 
|  54|0x0000000704600000, 0x0000000704600000, 0x0000000704700000|  0%| F|  |TAMS 0x0000000704600000, 0x0000000704600000| Untracked 
|  55|0x0000000704700000, 0x0000000704700000, 0x0000000704800000|  0%| F|  |TAMS 0x0000000704700000, 0x0000000704700000| Untracked 
|  56|0x0000000704800000, 0x0000000704800000, 0x0000000704900000|  0%| F|  |TAMS 0x0000000704800000, 0x0000000704800000| Untracked 
|  57|0x0000000704900000, 0x0000000704900000, 0x0000000704a00000|  0%| F|  |TAMS 0x0000000704900000, 0x0000000704900000| Untracked 
|  58|0x0000000704a00000, 0x0000000704a00000, 0x0000000704b00000|  0%| F|  |TAMS 0x0000000704a00000, 0x0000000704a00000| Untracked 
|  59|0x0000000704b00000, 0x0000000704b00000, 0x0000000704c00000|  0%| F|  |TAMS 0x0000000704b00000, 0x0000000704b00000| Untracked 
|  60|0x0000000704c00000, 0x0000000704c00000, 0x0000000704d00000|  0%| F|  |TAMS 0x0000000704c00000, 0x0000000704c00000| Untracked 
|  61|0x0000000704d00000, 0x0000000704d00000, 0x0000000704e00000|  0%| F|  |TAMS 0x0000000704d00000, 0x0000000704d00000| Untracked 
|  62|0x0000000704e00000, 0x0000000704e00000, 0x0000000704f00000|  0%| F|  |TAMS 0x0000000704e00000, 0x0000000704e00000| Untracked 
|  63|0x0000000704f00000, 0x0000000704f00000, 0x0000000705000000|  0%| F|  |TAMS 0x0000000704f00000, 0x0000000704f00000| Untracked 
|  64|0x0000000705000000, 0x0000000705000000, 0x0000000705100000|  0%| F|  |TAMS 0x0000000705000000, 0x0000000705000000| Untracked 
|  65|0x0000000705100000, 0x0000000705100000, 0x0000000705200000|  0%| F|  |TAMS 0x0000000705100000, 0x0000000705100000| Untracked 
|  66|0x0000000705200000, 0x0000000705200000, 0x0000000705300000|  0%| F|  |TAMS 0x0000000705200000, 0x0000000705200000| Untracked 
|  67|0x0000000705300000, 0x0000000705300000, 0x0000000705400000|  0%| F|  |TAMS 0x0000000705300000, 0x0000000705300000| Untracked 
|  68|0x0000000705400000, 0x0000000705400000, 0x0000000705500000|  0%| F|  |TAMS 0x0000000705400000, 0x0000000705400000| Untracked 
|  69|0x0000000705500000, 0x0000000705500000, 0x0000000705600000|  0%| F|  |TAMS 0x0000000705500000, 0x0000000705500000| Untracked 
|  70|0x0000000705600000, 0x0000000705600000, 0x0000000705700000|  0%| F|  |TAMS 0x0000000705600000, 0x0000000705600000| Untracked 
|  71|0x0000000705700000, 0x0000000705700000, 0x0000000705800000|  0%| F|  |TAMS 0x0000000705700000, 0x0000000705700000| Untracked 
|  72|0x0000000705800000, 0x0000000705800000, 0x0000000705900000|  0%| F|  |TAMS 0x0000000705800000, 0x0000000705800000| Untracked 
|  73|0x0000000705900000, 0x0000000705900000, 0x0000000705a00000|  0%| F|  |TAMS 0x0000000705900000, 0x0000000705900000| Untracked 
|  74|0x0000000705a00000, 0x0000000705a00000, 0x0000000705b00000|  0%| F|  |TAMS 0x0000000705a00000, 0x0000000705a00000| Untracked 
|  75|0x0000000705b00000, 0x0000000705b00000, 0x0000000705c00000|  0%| F|  |TAMS 0x0000000705b00000, 0x0000000705b00000| Untracked 
|  76|0x0000000705c00000, 0x0000000705c00000, 0x0000000705d00000|  0%| F|  |TAMS 0x0000000705c00000, 0x0000000705c00000| Untracked 
|  77|0x0000000705d00000, 0x0000000705d00000, 0x0000000705e00000|  0%| F|  |TAMS 0x0000000705d00000, 0x0000000705d00000| Untracked 
|  78|0x0000000705e00000, 0x0000000705e00000, 0x0000000705f00000|  0%| F|  |TAMS 0x0000000705e00000, 0x0000000705e00000| Untracked 
|  79|0x0000000705f00000, 0x0000000705f00000, 0x0000000706000000|  0%| F|  |TAMS 0x0000000705f00000, 0x0000000705f00000| Untracked 
|  80|0x0000000706000000, 0x0000000706000000, 0x0000000706100000|  0%| F|  |TAMS 0x0000000706000000, 0x0000000706000000| Untracked 
|  81|0x0000000706100000, 0x0000000706100000, 0x0000000706200000|  0%| F|  |TAMS 0x0000000706100000, 0x0000000706100000| Untracked 
|  82|0x0000000706200000, 0x0000000706200000, 0x0000000706300000|  0%| F|  |TAMS 0x0000000706200000, 0x0000000706200000| Untracked 
|  83|0x0000000706300000, 0x0000000706300000, 0x0000000706400000|  0%| F|  |TAMS 0x0000000706300000, 0x0000000706300000| Untracked 
|  84|0x0000000706400000, 0x0000000706400000, 0x0000000706500000|  0%| F|  |TAMS 0x0000000706400000, 0x0000000706400000| Untracked 
|  85|0x0000000706500000, 0x0000000706500000, 0x0000000706600000|  0%| F|  |TAMS 0x0000000706500000, 0x0000000706500000| Untracked 
|  86|0x0000000706600000, 0x0000000706600000, 0x0000000706700000|  0%| F|  |TAMS 0x0000000706600000, 0x0000000706600000| Untracked 
|  87|0x0000000706700000, 0x0000000706700000, 0x0000000706800000|  0%| F|  |TAMS 0x0000000706700000, 0x0000000706700000| Untracked 
|  88|0x0000000706800000, 0x0000000706800000, 0x0000000706900000|  0%| F|  |TAMS 0x0000000706800000, 0x0000000706800000| Untracked 
|  89|0x0000000706900000, 0x0000000706900000, 0x0000000706a00000|  0%| F|  |TAMS 0x0000000706900000, 0x0000000706900000| Untracked 
|  90|0x0000000706a00000, 0x0000000706a00000, 0x0000000706b00000|  0%| F|  |TAMS 0x0000000706a00000, 0x0000000706a00000| Untracked 
|  91|0x0000000706b00000, 0x0000000706b00000, 0x0000000706c00000|  0%| F|  |TAMS 0x0000000706b00000, 0x0000000706b00000| Untracked 
|  92|0x0000000706c00000, 0x0000000706c00000, 0x0000000706d00000|  0%| F|  |TAMS 0x0000000706c00000, 0x0000000706c00000| Untracked 
|  93|0x0000000706d00000, 0x0000000706d00000, 0x0000000706e00000|  0%| F|  |TAMS 0x0000000706d00000, 0x0000000706d00000| Untracked 
|  94|0x0000000706e00000, 0x0000000706e00000, 0x0000000706f00000|  0%| F|  |TAMS 0x0000000706e00000, 0x0000000706e00000| Untracked 
|  95|0x0000000706f00000, 0x0000000706f00000, 0x0000000707000000|  0%| F|  |TAMS 0x0000000706f00000, 0x0000000706f00000| Untracked 
|  96|0x0000000707000000, 0x0000000707000000, 0x0000000707100000|  0%| F|  |TAMS 0x0000000707000000, 0x0000000707000000| Untracked 
|  97|0x0000000707100000, 0x0000000707100000, 0x0000000707200000|  0%| F|  |TAMS 0x0000000707100000, 0x0000000707100000| Untracked 
|  98|0x0000000707200000, 0x0000000707200000, 0x0000000707300000|  0%| F|  |TAMS 0x0000000707200000, 0x0000000707200000| Untracked 
|  99|0x0000000707300000, 0x0000000707300000, 0x0000000707400000|  0%| F|  |TAMS 0x0000000707300000, 0x0000000707300000| Untracked 
| 100|0x0000000707400000, 0x0000000707400000, 0x0000000707500000|  0%| F|  |TAMS 0x0000000707400000, 0x0000000707400000| Untracked 
| 101|0x0000000707500000, 0x0000000707500000, 0x0000000707600000|  0%| F|  |TAMS 0x0000000707500000, 0x0000000707500000| Untracked 
| 102|0x0000000707600000, 0x0000000707600000, 0x0000000707700000|  0%| F|  |TAMS 0x0000000707600000, 0x0000000707600000| Untracked 
| 103|0x0000000707700000, 0x0000000707700000, 0x0000000707800000|  0%| F|  |TAMS 0x0000000707700000, 0x0000000707700000| Untracked 
| 104|0x0000000707800000, 0x0000000707800000, 0x0000000707900000|  0%| F|  |TAMS 0x0000000707800000, 0x0000000707800000| Untracked 
| 105|0x0000000707900000, 0x0000000707900000, 0x0000000707a00000|  0%| F|  |TAMS 0x0000000707900000, 0x0000000707900000| Untracked 
| 106|0x0000000707a00000, 0x0000000707a00000, 0x0000000707b00000|  0%| F|  |TAMS 0x0000000707a00000, 0x0000000707a00000| Untracked 
| 107|0x0000000707b00000, 0x0000000707b00000, 0x0000000707c00000|  0%| F|  |TAMS 0x0000000707b00000, 0x0000000707b00000| Untracked 
| 108|0x0000000707c00000, 0x0000000707c00000, 0x0000000707d00000|  0%| F|  |TAMS 0x0000000707c00000, 0x0000000707c00000| Untracked 
| 109|0x0000000707d00000, 0x0000000707d00000, 0x0000000707e00000|  0%| F|  |TAMS 0x0000000707d00000, 0x0000000707d00000| Untracked 
| 110|0x0000000707e00000, 0x0000000707e00000, 0x0000000707f00000|  0%| F|  |TAMS 0x0000000707e00000, 0x0000000707e00000| Untracked 
| 111|0x0000000707f00000, 0x0000000707f00000, 0x0000000708000000|  0%| F|  |TAMS 0x0000000707f00000, 0x0000000707f00000| Untracked 
| 112|0x0000000708000000, 0x0000000708000000, 0x0000000708100000|  0%| F|  |TAMS 0x0000000708000000, 0x0000000708000000| Untracked 
| 113|0x0000000708100000, 0x0000000708100000, 0x0000000708200000|  0%| F|  |TAMS 0x0000000708100000, 0x0000000708100000| Untracked 
| 114|0x0000000708200000, 0x0000000708200000, 0x0000000708300000|  0%| F|  |TAMS 0x0000000708200000, 0x0000000708200000| Untracked 
| 115|0x0000000708300000, 0x0000000708300000, 0x0000000708400000|  0%| F|  |TAMS 0x0000000708300000, 0x0000000708300000| Untracked 
| 116|0x0000000708400000, 0x0000000708400000, 0x0000000708500000|  0%| F|  |TAMS 0x0000000708400000, 0x0000000708400000| Untracked 
| 117|0x0000000708500000, 0x0000000708500000, 0x0000000708600000|  0%| F|  |TAMS 0x0000000708500000, 0x0000000708500000| Untracked 
| 118|0x0000000708600000, 0x0000000708600000, 0x0000000708700000|  0%| F|  |TAMS 0x0000000708600000, 0x0000000708600000| Untracked 
| 119|0x0000000708700000, 0x0000000708700000, 0x0000000708800000|  0%| F|  |TAMS 0x0000000708700000, 0x0000000708700000| Untracked 
| 120|0x0000000708800000, 0x0000000708800000, 0x0000000708900000|  0%| F|  |TAMS 0x0000000708800000, 0x0000000708800000| Untracked 
| 121|0x0000000708900000, 0x0000000708900000, 0x0000000708a00000|  0%| F|  |TAMS 0x0000000708900000, 0x0000000708900000| Untracked 
| 122|0x0000000708a00000, 0x0000000708a00000, 0x0000000708b00000|  0%| F|  |TAMS 0x0000000708a00000, 0x0000000708a00000| Untracked 
| 123|0x0000000708b00000, 0x0000000708b00000, 0x0000000708c00000|  0%| F|  |TAMS 0x0000000708b00000, 0x0000000708b00000| Untracked 
| 124|0x0000000708c00000, 0x0000000708c00000, 0x0000000708d00000|  0%| F|  |TAMS 0x0000000708c00000, 0x0000000708c00000| Untracked 
| 125|0x0000000708d00000, 0x0000000708d00000, 0x0000000708e00000|  0%| F|  |TAMS 0x0000000708d00000, 0x0000000708d00000| Untracked 
| 126|0x0000000708e00000, 0x0000000708e00000, 0x0000000708f00000|  0%| F|  |TAMS 0x0000000708e00000, 0x0000000708e00000| Untracked 
| 127|0x0000000708f00000, 0x0000000708f00000, 0x0000000709000000|  0%| F|  |TAMS 0x0000000708f00000, 0x0000000708f00000| Untracked 
| 128|0x0000000709000000, 0x0000000709000000, 0x0000000709100000|  0%| F|  |TAMS 0x0000000709000000, 0x0000000709000000| Untracked 
| 129|0x0000000709100000, 0x0000000709100000, 0x0000000709200000|  0%| F|  |TAMS 0x0000000709100000, 0x0000000709100000| Untracked 
| 130|0x0000000709200000, 0x0000000709200000, 0x0000000709300000|  0%| F|  |TAMS 0x0000000709200000, 0x0000000709200000| Untracked 
| 131|0x0000000709300000, 0x0000000709300000, 0x0000000709400000|  0%| F|  |TAMS 0x0000000709300000, 0x0000000709300000| Untracked 
| 132|0x0000000709400000, 0x0000000709400000, 0x0000000709500000|  0%| F|  |TAMS 0x0000000709400000, 0x0000000709400000| Untracked 
| 133|0x0000000709500000, 0x0000000709500000, 0x0000000709600000|  0%| F|  |TAMS 0x0000000709500000, 0x0000000709500000| Untracked 
| 134|0x0000000709600000, 0x0000000709600000, 0x0000000709700000|  0%| F|  |TAMS 0x0000000709600000, 0x0000000709600000| Untracked 
| 135|0x0000000709700000, 0x0000000709700000, 0x0000000709800000|  0%| F|  |TAMS 0x0000000709700000, 0x0000000709700000| Untracked 
| 136|0x0000000709800000, 0x0000000709800000, 0x0000000709900000|  0%| F|  |TAMS 0x0000000709800000, 0x0000000709800000| Untracked 
| 137|0x0000000709900000, 0x0000000709900000, 0x0000000709a00000|  0%| F|  |TAMS 0x0000000709900000, 0x0000000709900000| Untracked 
| 138|0x0000000709a00000, 0x0000000709a00000, 0x0000000709b00000|  0%| F|  |TAMS 0x0000000709a00000, 0x0000000709a00000| Untracked 
| 139|0x0000000709b00000, 0x0000000709b00000, 0x0000000709c00000|  0%| F|  |TAMS 0x0000000709b00000, 0x0000000709b00000| Untracked 
| 140|0x0000000709c00000, 0x0000000709c00000, 0x0000000709d00000|  0%| F|  |TAMS 0x0000000709c00000, 0x0000000709c00000| Untracked 
| 141|0x0000000709d00000, 0x0000000709d00000, 0x0000000709e00000|  0%| F|  |TAMS 0x0000000709d00000, 0x0000000709d00000| Untracked 
| 142|0x0000000709e00000, 0x0000000709e00000, 0x0000000709f00000|  0%| F|  |TAMS 0x0000000709e00000, 0x0000000709e00000| Untracked 
| 143|0x0000000709f00000, 0x0000000709f00000, 0x000000070a000000|  0%| F|  |TAMS 0x0000000709f00000, 0x0000000709f00000| Untracked 
| 144|0x000000070a000000, 0x000000070a000000, 0x000000070a100000|  0%| F|  |TAMS 0x000000070a000000, 0x000000070a000000| Untracked 
| 145|0x000000070a100000, 0x000000070a100000, 0x000000070a200000|  0%| F|  |TAMS 0x000000070a100000, 0x000000070a100000| Untracked 
| 146|0x000000070a200000, 0x000000070a200000, 0x000000070a300000|  0%| F|  |TAMS 0x000000070a200000, 0x000000070a200000| Untracked 
| 147|0x000000070a300000, 0x000000070a300000, 0x000000070a400000|  0%| F|  |TAMS 0x000000070a300000, 0x000000070a300000| Untracked 
| 148|0x000000070a400000, 0x000000070a400000, 0x000000070a500000|  0%| F|  |TAMS 0x000000070a400000, 0x000000070a400000| Untracked 
| 149|0x000000070a500000, 0x000000070a500000, 0x000000070a600000|  0%| F|  |TAMS 0x000000070a500000, 0x000000070a500000| Untracked 
| 150|0x000000070a600000, 0x000000070a600000, 0x000000070a700000|  0%| F|  |TAMS 0x000000070a600000, 0x000000070a600000| Untracked 
| 151|0x000000070a700000, 0x000000070a700000, 0x000000070a800000|  0%| F|  |TAMS 0x000000070a700000, 0x000000070a700000| Untracked 
| 152|0x000000070a800000, 0x000000070a800000, 0x000000070a900000|  0%| F|  |TAMS 0x000000070a800000, 0x000000070a800000| Untracked 
| 153|0x000000070a900000, 0x000000070a900000, 0x000000070aa00000|  0%| F|  |TAMS 0x000000070a900000, 0x000000070a900000| Untracked 
| 154|0x000000070aa00000, 0x000000070aa00000, 0x000000070ab00000|  0%| F|  |TAMS 0x000000070aa00000, 0x000000070aa00000| Untracked 
| 155|0x000000070ab00000, 0x000000070ab00000, 0x000000070ac00000|  0%| F|  |TAMS 0x000000070ab00000, 0x000000070ab00000| Untracked 
| 156|0x000000070ac00000, 0x000000070ac00000, 0x000000070ad00000|  0%| F|  |TAMS 0x000000070ac00000, 0x000000070ac00000| Untracked 
| 157|0x000000070ad00000, 0x000000070ad00000, 0x000000070ae00000|  0%| F|  |TAMS 0x000000070ad00000, 0x000000070ad00000| Untracked 
| 158|0x000000070ae00000, 0x000000070ae00000, 0x000000070af00000|  0%| F|  |TAMS 0x000000070ae00000, 0x000000070ae00000| Untracked 
| 159|0x000000070af00000, 0x000000070af00000, 0x000000070b000000|  0%| F|  |TAMS 0x000000070af00000, 0x000000070af00000| Untracked 
| 160|0x000000070b000000, 0x000000070b000000, 0x000000070b100000|  0%| F|  |TAMS 0x000000070b000000, 0x000000070b000000| Untracked 
| 161|0x000000070b100000, 0x000000070b100000, 0x000000070b200000|  0%| F|  |TAMS 0x000000070b100000, 0x000000070b100000| Untracked 
| 162|0x000000070b200000, 0x000000070b200000, 0x000000070b300000|  0%| F|  |TAMS 0x000000070b200000, 0x000000070b200000| Untracked 
| 163|0x000000070b300000, 0x000000070b300000, 0x000000070b400000|  0%| F|  |TAMS 0x000000070b300000, 0x000000070b300000| Untracked 
| 164|0x000000070b400000, 0x000000070b400000, 0x000000070b500000|  0%| F|  |TAMS 0x000000070b400000, 0x000000070b400000| Untracked 
| 165|0x000000070b500000, 0x000000070b500000, 0x000000070b600000|  0%| F|  |TAMS 0x000000070b500000, 0x000000070b500000| Untracked 
| 166|0x000000070b600000, 0x000000070b600000, 0x000000070b700000|  0%| F|  |TAMS 0x000000070b600000, 0x000000070b600000| Untracked 
| 167|0x000000070b700000, 0x000000070b700000, 0x000000070b800000|  0%| F|  |TAMS 0x000000070b700000, 0x000000070b700000| Untracked 
| 168|0x000000070b800000, 0x000000070b800000, 0x000000070b900000|  0%| F|  |TAMS 0x000000070b800000, 0x000000070b800000| Untracked 
| 169|0x000000070b900000, 0x000000070b900000, 0x000000070ba00000|  0%| F|  |TAMS 0x000000070b900000, 0x000000070b900000| Untracked 
| 170|0x000000070ba00000, 0x000000070ba00000, 0x000000070bb00000|  0%| F|  |TAMS 0x000000070ba00000, 0x000000070ba00000| Untracked 
| 171|0x000000070bb00000, 0x000000070bb00000, 0x000000070bc00000|  0%| F|  |TAMS 0x000000070bb00000, 0x000000070bb00000| Untracked 
| 172|0x000000070bc00000, 0x000000070bc00000, 0x000000070bd00000|  0%| F|  |TAMS 0x000000070bc00000, 0x000000070bc00000| Untracked 
| 173|0x000000070bd00000, 0x000000070bd00000, 0x000000070be00000|  0%| F|  |TAMS 0x000000070bd00000, 0x000000070bd00000| Untracked 
| 174|0x000000070be00000, 0x000000070be00000, 0x000000070bf00000|  0%| F|  |TAMS 0x000000070be00000, 0x000000070be00000| Untracked 
| 175|0x000000070bf00000, 0x000000070bf00000, 0x000000070c000000|  0%| F|  |TAMS 0x000000070bf00000, 0x000000070bf00000| Untracked 
| 176|0x000000070c000000, 0x000000070c000000, 0x000000070c100000|  0%| F|  |TAMS 0x000000070c000000, 0x000000070c000000| Untracked 
| 177|0x000000070c100000, 0x000000070c100000, 0x000000070c200000|  0%| F|  |TAMS 0x000000070c100000, 0x000000070c100000| Untracked 
| 178|0x000000070c200000, 0x000000070c200000, 0x000000070c300000|  0%| F|  |TAMS 0x000000070c200000, 0x000000070c200000| Untracked 
| 179|0x000000070c300000, 0x000000070c300000, 0x000000070c400000|  0%| F|  |TAMS 0x000000070c300000, 0x000000070c300000| Untracked 
| 180|0x000000070c400000, 0x000000070c400000, 0x000000070c500000|  0%| F|  |TAMS 0x000000070c400000, 0x000000070c400000| Untracked 
| 181|0x000000070c500000, 0x000000070c500000, 0x000000070c600000|  0%| F|  |TAMS 0x000000070c500000, 0x000000070c500000| Untracked 
| 182|0x000000070c600000, 0x000000070c600000, 0x000000070c700000|  0%| F|  |TAMS 0x000000070c600000, 0x000000070c600000| Untracked 
| 183|0x000000070c700000, 0x000000070c700000, 0x000000070c800000|  0%| F|  |TAMS 0x000000070c700000, 0x000000070c700000| Untracked 
| 184|0x000000070c800000, 0x000000070c800000, 0x000000070c900000|  0%| F|  |TAMS 0x000000070c800000, 0x000000070c800000| Untracked 
| 185|0x000000070c900000, 0x000000070c900000, 0x000000070ca00000|  0%| F|  |TAMS 0x000000070c900000, 0x000000070c900000| Untracked 
| 186|0x000000070ca00000, 0x000000070ca00000, 0x000000070cb00000|  0%| F|  |TAMS 0x000000070ca00000, 0x000000070ca00000| Untracked 
| 187|0x000000070cb00000, 0x000000070cb00000, 0x000000070cc00000|  0%| F|  |TAMS 0x000000070cb00000, 0x000000070cb00000| Untracked 
| 188|0x000000070cc00000, 0x000000070cc00000, 0x000000070cd00000|  0%| F|  |TAMS 0x000000070cc00000, 0x000000070cc00000| Untracked 
| 189|0x000000070cd00000, 0x000000070cd00000, 0x000000070ce00000|  0%| F|  |TAMS 0x000000070cd00000, 0x000000070cd00000| Untracked 
| 190|0x000000070ce00000, 0x000000070ce00000, 0x000000070cf00000|  0%| F|  |TAMS 0x000000070ce00000, 0x000000070ce00000| Untracked 
| 191|0x000000070cf00000, 0x000000070cf00000, 0x000000070d000000|  0%| F|  |TAMS 0x000000070cf00000, 0x000000070cf00000| Untracked 
| 192|0x000000070d000000, 0x000000070d000000, 0x000000070d100000|  0%| F|  |TAMS 0x000000070d000000, 0x000000070d000000| Untracked 
| 193|0x000000070d100000, 0x000000070d100000, 0x000000070d200000|  0%| F|  |TAMS 0x000000070d100000, 0x000000070d100000| Untracked 
| 194|0x000000070d200000, 0x000000070d200000, 0x000000070d300000|  0%| F|  |TAMS 0x000000070d200000, 0x000000070d200000| Untracked 
| 195|0x000000070d300000, 0x000000070d300000, 0x000000070d400000|  0%| F|  |TAMS 0x000000070d300000, 0x000000070d300000| Untracked 
| 196|0x000000070d400000, 0x000000070d400000, 0x000000070d500000|  0%| F|  |TAMS 0x000000070d400000, 0x000000070d400000| Untracked 
| 197|0x000000070d500000, 0x000000070d500000, 0x000000070d600000|  0%| F|  |TAMS 0x000000070d500000, 0x000000070d500000| Untracked 
| 198|0x000000070d600000, 0x000000070d600000, 0x000000070d700000|  0%| F|  |TAMS 0x000000070d600000, 0x000000070d600000| Untracked 
| 199|0x000000070d700000, 0x000000070d700000, 0x000000070d800000|  0%| F|  |TAMS 0x000000070d700000, 0x000000070d700000| Untracked 
| 200|0x000000070d800000, 0x000000070d800000, 0x000000070d900000|  0%| F|  |TAMS 0x000000070d800000, 0x000000070d800000| Untracked 
| 201|0x000000070d900000, 0x000000070d900000, 0x000000070da00000|  0%| F|  |TAMS 0x000000070d900000, 0x000000070d900000| Untracked 
| 202|0x000000070da00000, 0x000000070da00000, 0x000000070db00000|  0%| F|  |TAMS 0x000000070da00000, 0x000000070da00000| Untracked 
| 203|0x000000070db00000, 0x000000070db00000, 0x000000070dc00000|  0%| F|  |TAMS 0x000000070db00000, 0x000000070db00000| Untracked 
| 204|0x000000070dc00000, 0x000000070dc00000, 0x000000070dd00000|  0%| F|  |TAMS 0x000000070dc00000, 0x000000070dc00000| Untracked 
| 205|0x000000070dd00000, 0x000000070dd00000, 0x000000070de00000|  0%| F|  |TAMS 0x000000070dd00000, 0x000000070dd00000| Untracked 
| 206|0x000000070de00000, 0x000000070de00000, 0x000000070df00000|  0%| F|  |TAMS 0x000000070de00000, 0x000000070de00000| Untracked 
| 207|0x000000070df00000, 0x000000070df00000, 0x000000070e000000|  0%| F|  |TAMS 0x000000070df00000, 0x000000070df00000| Untracked 
| 208|0x000000070e000000, 0x000000070e000000, 0x000000070e100000|  0%| F|  |TAMS 0x000000070e000000, 0x000000070e000000| Untracked 
| 209|0x000000070e100000, 0x000000070e100000, 0x000000070e200000|  0%| F|  |TAMS 0x000000070e100000, 0x000000070e100000| Untracked 
| 210|0x000000070e200000, 0x000000070e200000, 0x000000070e300000|  0%| F|  |TAMS 0x000000070e200000, 0x000000070e200000| Untracked 
| 211|0x000000070e300000, 0x000000070e300000, 0x000000070e400000|  0%| F|  |TAMS 0x000000070e300000, 0x000000070e300000| Untracked 
| 212|0x000000070e400000, 0x000000070e400000, 0x000000070e500000|  0%| F|  |TAMS 0x000000070e400000, 0x000000070e400000| Untracked 
| 213|0x000000070e500000, 0x000000070e500000, 0x000000070e600000|  0%| F|  |TAMS 0x000000070e500000, 0x000000070e500000| Untracked 
| 214|0x000000070e600000, 0x000000070e600000, 0x000000070e700000|  0%| F|  |TAMS 0x000000070e600000, 0x000000070e600000| Untracked 
| 215|0x000000070e700000, 0x000000070e700000, 0x000000070e800000|  0%| F|  |TAMS 0x000000070e700000, 0x000000070e700000| Untracked 
| 216|0x000000070e800000, 0x000000070e800000, 0x000000070e900000|  0%| F|  |TAMS 0x000000070e800000, 0x000000070e800000| Untracked 
| 217|0x000000070e900000, 0x000000070e900000, 0x000000070ea00000|  0%| F|  |TAMS 0x000000070e900000, 0x000000070e900000| Untracked 
| 218|0x000000070ea00000, 0x000000070ea00000, 0x000000070eb00000|  0%| F|  |TAMS 0x000000070ea00000, 0x000000070ea00000| Untracked 
| 219|0x000000070eb00000, 0x000000070eb00000, 0x000000070ec00000|  0%| F|  |TAMS 0x000000070eb00000, 0x000000070eb00000| Untracked 
| 220|0x000000070ec00000, 0x000000070ec00000, 0x000000070ed00000|  0%| F|  |TAMS 0x000000070ec00000, 0x000000070ec00000| Untracked 
| 221|0x000000070ed00000, 0x000000070ed00000, 0x000000070ee00000|  0%| F|  |TAMS 0x000000070ed00000, 0x000000070ed00000| Untracked 
| 222|0x000000070ee00000, 0x000000070ee00000, 0x000000070ef00000|  0%| F|  |TAMS 0x000000070ee00000, 0x000000070ee00000| Untracked 
| 223|0x000000070ef00000, 0x000000070ef00000, 0x000000070f000000|  0%| F|  |TAMS 0x000000070ef00000, 0x000000070ef00000| Untracked 
| 224|0x000000070f000000, 0x000000070f000000, 0x000000070f100000|  0%| F|  |TAMS 0x000000070f000000, 0x000000070f000000| Untracked 
| 225|0x000000070f100000, 0x000000070f100000, 0x000000070f200000|  0%| F|  |TAMS 0x000000070f100000, 0x000000070f100000| Untracked 
| 226|0x000000070f200000, 0x000000070f200000, 0x000000070f300000|  0%| F|  |TAMS 0x000000070f200000, 0x000000070f200000| Untracked 
| 227|0x000000070f300000, 0x000000070f300000, 0x000000070f400000|  0%| F|  |TAMS 0x000000070f300000, 0x000000070f300000| Untracked 
| 228|0x000000070f400000, 0x000000070f400000, 0x000000070f500000|  0%| F|  |TAMS 0x000000070f400000, 0x000000070f400000| Untracked 
| 229|0x000000070f500000, 0x000000070f600000, 0x000000070f600000|100%| S|  |TAMS 0x000000070f500000, 0x000000070f500000| Complete 
| 230|0x000000070f600000, 0x000000070f700000, 0x000000070f700000|100%| S|  |TAMS 0x000000070f600000, 0x000000070f600000| Complete 
| 231|0x000000070f700000, 0x000000070f800000, 0x000000070f800000|100%| S|  |TAMS 0x000000070f700000, 0x000000070f700000| Complete 
| 232|0x000000070f800000, 0x000000070f900000, 0x000000070f900000|100%| E|CS|TAMS 0x000000070f800000, 0x000000070f800000| Complete 
| 233|0x000000070f900000, 0x000000070fa00000, 0x000000070fa00000|100%| E|CS|TAMS 0x000000070f900000, 0x000000070f900000| Complete 
| 234|0x000000070fa00000, 0x000000070fb00000, 0x000000070fb00000|100%| E|CS|TAMS 0x000000070fa00000, 0x000000070fa00000| Complete 
| 235|0x000000070fb00000, 0x000000070fc00000, 0x000000070fc00000|100%| E|CS|TAMS 0x000000070fb00000, 0x000000070fb00000| Complete 
| 236|0x000000070fc00000, 0x000000070fd00000, 0x000000070fd00000|100%| E|CS|TAMS 0x000000070fc00000, 0x000000070fc00000| Complete 
| 237|0x000000070fd00000, 0x000000070fe00000, 0x000000070fe00000|100%| E|CS|TAMS 0x000000070fd00000, 0x000000070fd00000| Complete 
| 238|0x000000070fe00000, 0x000000070ff00000, 0x000000070ff00000|100%| E|CS|TAMS 0x000000070fe00000, 0x000000070fe00000| Complete 
| 239|0x000000070ff00000, 0x0000000710000000, 0x0000000710000000|100%| E|CS|TAMS 0x000000070ff00000, 0x000000070ff00000| Complete 
| 240|0x0000000710000000, 0x0000000710100000, 0x0000000710100000|100%| E|CS|TAMS 0x0000000710000000, 0x0000000710000000| Complete 
| 241|0x0000000710100000, 0x0000000710200000, 0x0000000710200000|100%| E|CS|TAMS 0x0000000710100000, 0x0000000710100000| Complete 
| 242|0x0000000710200000, 0x0000000710300000, 0x0000000710300000|100%| E|CS|TAMS 0x0000000710200000, 0x0000000710200000| Complete 
| 243|0x0000000710300000, 0x0000000710400000, 0x0000000710400000|100%| E|CS|TAMS 0x0000000710300000, 0x0000000710300000| Complete 
| 244|0x0000000710400000, 0x0000000710500000, 0x0000000710500000|100%| E|CS|TAMS 0x0000000710400000, 0x0000000710400000| Complete 
| 245|0x0000000710500000, 0x0000000710600000, 0x0000000710600000|100%| E|CS|TAMS 0x0000000710500000, 0x0000000710500000| Complete 
| 246|0x0000000710600000, 0x0000000710700000, 0x0000000710700000|100%| E|CS|TAMS 0x0000000710600000, 0x0000000710600000| Complete 
| 247|0x0000000710700000, 0x0000000710800000, 0x0000000710800000|100%| E|CS|TAMS 0x0000000710700000, 0x0000000710700000| Complete 
| 248|0x0000000710800000, 0x0000000710900000, 0x0000000710900000|100%| E|CS|TAMS 0x0000000710800000, 0x0000000710800000| Complete 
| 249|0x0000000710900000, 0x0000000710a00000, 0x0000000710a00000|100%| E|CS|TAMS 0x0000000710900000, 0x0000000710900000| Complete 
| 250|0x0000000710a00000, 0x0000000710b00000, 0x0000000710b00000|100%| E|CS|TAMS 0x0000000710a00000, 0x0000000710a00000| Complete 
| 251|0x0000000710b00000, 0x0000000710c00000, 0x0000000710c00000|100%| E|CS|TAMS 0x0000000710b00000, 0x0000000710b00000| Complete 
| 252|0x0000000710c00000, 0x0000000710d00000, 0x0000000710d00000|100%| E|CS|TAMS 0x0000000710c00000, 0x0000000710c00000| Complete 
| 253|0x0000000710d00000, 0x0000000710e00000, 0x0000000710e00000|100%| E|CS|TAMS 0x0000000710d00000, 0x0000000710d00000| Complete 
| 254|0x0000000710e00000, 0x0000000710f00000, 0x0000000710f00000|100%| E|CS|TAMS 0x0000000710e00000, 0x0000000710e00000| Complete 
| 255|0x0000000710f00000, 0x0000000711000000, 0x0000000711000000|100%| E|CS|TAMS 0x0000000710f00000, 0x0000000710f00000| Complete 

Card table byte_map: [0x0000021dc6ec0000,0x0000021dc76c0000] _byte_map_base: 0x0000021dc36b8000

Marking Bits (Prev, Next): (CMBitMap*) 0x0000021daf089f38, (CMBitMap*) 0x0000021daf089f70
 Prev Bits: [0x0000021dc7ec0000, 0x0000021dcbe80000)
 Next Bits: [0x0000021dcbe80000, 0x0000021dcfe40000)

Polling page: 0x0000021dacfc0000

Metaspace:

Usage:
  Non-class:      9.97 MB capacity,     9.77 MB ( 98%) used,   185.07 KB (  2%) free+waste,    18.44 KB ( <1%) overhead. 
      Class:      1.17 MB capacity,     1.08 MB ( 93%) used,    78.34 KB (  7%) free+waste,     9.44 KB ( <1%) overhead. 
       Both:     11.14 MB capacity,    10.86 MB ( 97%) used,   263.41 KB (  2%) free+waste,    27.88 KB ( <1%) overhead. 

Virtual space:
  Non-class space:       10.00 MB reserved,      10.00 MB (100%) committed 
      Class space:        1.00 GB reserved,       1.25 MB ( <1%) committed 
             Both:        1.01 GB reserved,      11.25 MB (  1%) committed 

Chunk freelists:
   Non-Class:  3.38 KB
       Class:  2.63 KB
        Both:  6.00 KB

CodeHeap 'non-profiled nmethods': size=120000Kb used=373Kb max_used=373Kb free=119626Kb
 bounds [0x0000021dbee60000, 0x0000021dbf0d0000, 0x0000021dc6390000]
CodeHeap 'profiled nmethods': size=120000Kb used=1769Kb max_used=1769Kb free=118230Kb
 bounds [0x0000021db7930000, 0x0000021db7ba0000, 0x0000021dbee60000]
CodeHeap 'non-nmethods': size=5760Kb used=1086Kb max_used=1124Kb free=4673Kb
 bounds [0x0000021db7390000, 0x0000021db7600000, 0x0000021db7930000]
 total_blobs=1534 nmethods=914 adapters=293
 compilation: enabled
              stopped_count=0, restarted_count=0
 full_count=0

Compilation events (10 events):
Event: 0.596 Thread 0x0000021dd29cc800 nmethod 911 0x0000021db7ae6710 code [0x0000021db7ae68e0, 0x0000021db7ae6b70]
Event: 0.596 Thread 0x0000021dd29cc800  912       3       jdk.internal.jimage.ImageStringsReader::hashCode (8 bytes)
Event: 0.596 Thread 0x0000021dd29cc800 nmethod 912 0x0000021db7ae6d10 code [0x0000021db7ae6f00, 0x0000021db7ae7180]
Event: 0.596 Thread 0x0000021dd29cc800  915       3       jdk.internal.module.SystemModuleFinders$SystemModuleReader::find (54 bytes)
Event: 0.597 Thread 0x0000021dd29cc800 nmethod 915 0x0000021db7ae7290 code [0x0000021db7ae75c0, 0x0000021db7ae8620]
Event: 0.597 Thread 0x0000021dd29cc800  913       3       jdk.internal.jimage.BasicImageReader::getAttributes (48 bytes)
Event: 0.597 Thread 0x0000021dd29cc800 nmethod 913 0x0000021db7ae8c10 code [0x0000021db7ae8e20, 0x0000021db7ae9550]
Event: 0.597 Thread 0x0000021dd29cc800  914       3       jdk.internal.jimage.ImageLocation::verify (50 bytes)
Event: 0.597 Thread 0x0000021dd29cc800 nmethod 914 0x0000021db7ae9790 code [0x0000021db7ae99e0, 0x0000021db7aea1d0]
Event: 0.597 Thread 0x0000021dd29cc800  916       3       java.util.jar.JarFile::getManEntry (91 bytes)

GC Heap History (1 events):
Event: 0.598 GC heap before
{Heap before GC invocations=0 (full 0):
 garbage-first heap   total 262144K, used 23552K [0x0000000701000000, 0x0000000800000000)
  region size 1024K, 24 young (24576K), 0 survivors (0K)
 Metaspace       used 11116K, capacity 11408K, committed 11520K, reserved 1058816K
  class space    used 1107K, capacity 1195K, committed 1280K, reserved 1048576K
}

Deoptimization events (3 events):
Event: 0.187 Thread 0x0000021daf028800 Uncommon trap: reason=unstable_if action=reinterpret pc=0x0000021dbee67c18 method=java.lang.String.hashCode()I @ 14 c2
Event: 0.189 Thread 0x0000021daf028800 Uncommon trap: reason=unstable_if action=reinterpret pc=0x0000021dbee61494 method=java.lang.String.isLatin1()Z @ 10 c2
Event: 0.191 Thread 0x0000021daf028800 Uncommon trap: reason=unstable_if action=reinterpret pc=0x0000021dbee63030 method=java.lang.StringLatin1.indexOf([BII)I @ 47 c2

Classes redefined (0 events):
No events

Internal exceptions (10 events):
Event: 0.443 Thread 0x0000021daf028800 Exception <a 'java/lang/NoSuchMethodError'{0x0000000710484110}: java.lang.invoke.DirectMethodHandle$Holder.invokeStaticInit(Ljava/lang/Object;Ljava/lang/Object;)I> (0x0000000710484110) thrown at [t:/workspace/open/src/hotspot/share/interpreter/linkResolve
Event: 0.445 Thread 0x0000021daf028800 Exception <a 'java/lang/NoSuchMethodError'{0x000000071049f978}: java.lang.invoke.DirectMethodHandle$Holder.invokeStatic(Ljava/lang/Object;Ljava/lang/Object;)J> (0x000000071049f978) thrown at [t:/workspace/open/src/hotspot/share/interpreter/linkResolver.cp
Event: 0.445 Thread 0x0000021daf028800 Exception <a 'java/lang/NoSuchMethodError'{0x00000007104a7008}: java.lang.invoke.DirectMethodHandle$Holder.invokeStatic(Ljava/lang/Object;Ljava/lang/Object;)F> (0x00000007104a7008) thrown at [t:/workspace/open/src/hotspot/share/interpreter/linkResolver.cp
Event: 0.446 Thread 0x0000021daf028800 Exception <a 'java/lang/NoSuchMethodError'{0x00000007104ae698}: java.lang.invoke.DirectMethodHandle$Holder.invokeStatic(Ljava/lang/Object;Ljava/lang/Object;)D> (0x00000007104ae698) thrown at [t:/workspace/open/src/hotspot/share/interpreter/linkResolver.cp
Event: 0.466 Thread 0x0000021daf028800 Exception <a 'java/lang/NoSuchMethodError'{0x000000071025dd28}: java.lang.invoke.DirectMethodHandle$Holder.invokeVirtual(Ljava/lang/Object;Ljava/lang/Object;Ljava/lang/Object;)Ljava/lang/Object;> (0x000000071025dd28) thrown at [t:/workspace/open/src/hotsp
Event: 0.576 Thread 0x0000021daf028800 Exception <a 'java/lang/NoSuchMethodError'{0x000000070f93e060}: java.lang.invoke.DirectMethodHandle$Holder.invokeStaticInit(Ljava/lang/Object;Ljava/lang/Object;Ljava/lang/Object;)Ljava/lang/Object;> (0x000000070f93e060) thrown at [t:/workspace/open/src/ho
Event: 0.577 Thread 0x0000021daf028800 Exception <a 'java/lang/NoSuchMethodError'{0x000000070f9473b0}: java.lang.invoke.DirectMethodHandle$Holder.invokeStaticInit(Ljava/lang/Object;)I> (0x000000070f9473b0) thrown at [t:/workspace/open/src/hotspot/share/interpreter/linkResolver.cpp, line 772]
Event: 0.577 Thread 0x0000021daf028800 Exception <a 'java/lang/NoSuchMethodError'{0x000000070f94c470}: java.lang.invoke.DirectMethodHandle$Holder.invokeVirtual(Ljava/lang/Object;Ljava/lang/Object;Ljava/lang/Object;)I> (0x000000070f94c470) thrown at [t:/workspace/open/src/hotspot/share/interpre
Event: 0.590 Thread 0x0000021daf028800 Exception <a 'java/lang/NoSuchMethodError'{0x000000070f86b658}: java.lang.invoke.DirectMethodHandle$Holder.invokeStaticInit(Ljava/lang/Object;Ljava/lang/Object;)V> (0x000000070f86b658) thrown at [t:/workspace/open/src/hotspot/share/interpreter/linkResolve
Event: 0.593 Thread 0x0000021daf028800 Exception <a 'java/lang/NoSuchMethodError'{0x000000070f89a910}: java.lang.invoke.DirectMethodHandle$Holder.invokeVirtual(Ljava/lang/Object;Ljava/lang/Object;)V> (0x000000070f89a910) thrown at [t:/workspace/open/src/hotspot/share/interpreter/linkResolver.c

Events (10 events):
Event: 0.596 loading class org/eclipse/microprofile/config/spi/ConfigSource done
Event: 0.596 loading class io/helidon/microprofile/config/MpConfigBuilder
Event: 0.596 loading class io/helidon/microprofile/config/MpConfigBuilder done
Event: 0.597 loading class org/microprofileext/config/source/consul/ConsulConfigSource
Event: 0.597 loading class org/microprofileext/config/source/consul/ConsulConfigSource done
Event: 0.597 loading class org/microprofileext/config/source/base/EnabledConfigSource
Event: 0.597 loading class org/microprofileext/config/source/base/EnabledConfigSource done
Event: 0.598 loading class org/microprofileext/config/source/base/BaseConfigSource
Event: 0.598 loading class org/microprofileext/config/source/base/BaseConfigSource done
Event: 0.598 Executing VM operation: G1CollectForAllocation


Dynamic libraries:
0x00007ff6d7660000 - 0x00007ff6d76a7000 	C:\Program Files\Java\jdk-11.0.6\bin\javaw.exe
0x00007ffddbd00000 - 0x00007ffddbef0000 	C:\Windows\SYSTEM32\ntdll.dll
0x00007ffddb5b0000 - 0x00007ffddb662000 	C:\Windows\System32\KERNEL32.DLL
0x00007ffdd91b0000 - 0x00007ffdd9453000 	C:\Windows\System32\KERNELBASE.dll
0x00007ffdd6970000 - 0x00007ffdd69ff000 	C:\Windows\SYSTEM32\apphelp.dll
0x00007ffddb7d0000 - 0x00007ffddb873000 	C:\Windows\System32\ADVAPI32.dll
0x00007ffddbc20000 - 0x00007ffddbcbe000 	C:\Windows\System32\msvcrt.dll
0x00007ffddab40000 - 0x00007ffddabd7000 	C:\Windows\System32\sechost.dll
0x00007ffddabe0000 - 0x00007ffddad00000 	C:\Windows\System32\RPCRT4.dll
0x00007ffddad00000 - 0x00007ffddae94000 	C:\Windows\System32\USER32.dll
0x00007ffdd90b0000 - 0x00007ffdd90d1000 	C:\Windows\System32\win32u.dll
0x00007ffddafc0000 - 0x00007ffddafe6000 	C:\Windows\System32\GDI32.dll
0x00007ffdd8eb0000 - 0x00007ffdd9044000 	C:\Windows\System32\gdi32full.dll
0x00007ffdd8dc0000 - 0x00007ffdd8e5e000 	C:\Windows\System32\msvcp_win.dll
0x00007ffdd8cc0000 - 0x00007ffdd8dba000 	C:\Windows\System32\ucrtbase.dll
0x00007ffdce7c0000 - 0x00007ffdcea45000 	C:\Windows\WinSxS\amd64_microsoft.windows.common-controls_6595b64144ccf1df_6.0.18362.720_none_e6beb5c51314836b\COMCTL32.dll
0x00007ffdd9dc0000 - 0x00007ffdda0f6000 	C:\Windows\System32\combase.dll
0x00007ffdd9d30000 - 0x00007ffdd9db0000 	C:\Windows\System32\bcryptPrimitives.dll
0x00007ffdd2cd0000 - 0x00007ffdd2cda000 	C:\Windows\SYSTEM32\VERSION.dll
0x00007ffddb8e0000 - 0x00007ffddb90e000 	C:\Windows\System32\IMM32.DLL
0x00007ffd8e6c0000 - 0x00007ffd8e6d6000 	C:\Program Files\Java\jdk-11.0.6\bin\vcruntime140.dll
0x00007ffd8e610000 - 0x00007ffd8e6ba000 	C:\Program Files\Java\jdk-11.0.6\bin\msvcp140.dll
0x00007ffd7b720000 - 0x00007ffd7c249000 	C:\Program Files\Java\jdk-11.0.6\bin\server\jvm.dll
0x00007ffddafb0000 - 0x00007ffddafb8000 	C:\Windows\System32\PSAPI.DLL
0x00007ffdd6710000 - 0x00007ffdd6734000 	C:\Windows\SYSTEM32\WINMM.dll
0x00007ffdc4a10000 - 0x00007ffdc4a19000 	C:\Windows\SYSTEM32\WSOCK32.dll
0x00007ffddb0c0000 - 0x00007ffddb12f000 	C:\Windows\System32\WS2_32.dll
0x00007ffdd66e0000 - 0x00007ffdd670d000 	C:\Windows\SYSTEM32\winmmbase.dll
0x00007ffdd8e60000 - 0x00007ffdd8eaa000 	C:\Windows\System32\cfgmgr32.dll
0x00007ffdd8c70000 - 0x00007ffdd8c81000 	C:\Windows\System32\kernel.appcore.dll
0x00007ffd8a3e0000 - 0x00007ffd8a3f1000 	C:\Program Files\Java\jdk-11.0.6\bin\verify.dll
0x00007ffdd7450000 - 0x00007ffdd7644000 	C:\Windows\SYSTEM32\DBGHELP.DLL
0x00007ffdc4a80000 - 0x00007ffdc4aaa000 	C:\Windows\SYSTEM32\dbgcore.DLL
0x00007ffd8a340000 - 0x00007ffd8a369000 	C:\Program Files\Java\jdk-11.0.6\bin\java.dll
0x00007ffd8a2e0000 - 0x00007ffd8a2f6000 	C:\Program Files\Java\jdk-11.0.6\bin\zip.dll
0x00007ffdb4be0000 - 0x00007ffdb4bea000 	C:\Program Files\Java\jdk-11.0.6\bin\jimage.dll
0x00007ffdda100000 - 0x00007ffdda7e5000 	C:\Windows\System32\SHELL32.dll
0x00007ffddaf00000 - 0x00007ffddafa9000 	C:\Windows\System32\shcore.dll
0x00007ffdd95b0000 - 0x00007ffdd9d30000 	C:\Windows\System32\windows.storage.dll
0x00007ffdd8bd0000 - 0x00007ffdd8bf3000 	C:\Windows\System32\profapi.dll
0x00007ffdd8c20000 - 0x00007ffdd8c6a000 	C:\Windows\System32\powrprof.dll
0x00007ffdd8bc0000 - 0x00007ffdd8bd0000 	C:\Windows\System32\UMPDC.dll
0x00007ffddaea0000 - 0x00007ffddaef2000 	C:\Windows\System32\shlwapi.dll
0x00007ffdd90e0000 - 0x00007ffdd90f7000 	C:\Windows\System32\cryptsp.dll
0x00007ffd8a2c0000 - 0x00007ffd8a2d9000 	C:\Program Files\Java\jdk-11.0.6\bin\net.dll
0x00007ffdd0640000 - 0x00007ffdd0731000 	C:\Windows\SYSTEM32\WINHTTP.dll
0x00007ffdd83d0000 - 0x00007ffdd8437000 	C:\Windows\system32\mswsock.dll
0x00007ffd8a2a0000 - 0x00007ffd8a2b3000 	C:\Program Files\Java\jdk-11.0.6\bin\nio.dll

dbghelp: loaded successfully - version: 4.0.5 - missing functions: none
symbol engine: initialized successfully - sym options: 0x614 - pdb path: .;C:\Program Files\Java\jdk-11.0.6\bin;C:\Windows\SYSTEM32;C:\Windows\WinSxS\amd64_microsoft.windows.common-controls_6595b64144ccf1df_6.0.18362.720_none_e6beb5c51314836b;C:\Program Files\Java\jdk-11.0.6\bin\server

VM Arguments:
jvm_args: -Dfile.encoding=Cp1252 
java_command: io.helidon.microprofile.server.Main -Dserver.port=7003
java_class_path (initial): C:\Users\Mikipmax\Documents\Disb\srv-consul-config\bin\main;C:\Users\Mikipmax\Documents\Disb\srv-consul-config\bin\test;C:\Users\Mikipmax\.gradle\caches\modules-2\files-2.1\io.helidon.microprofile.bundles\helidon-microprofile\1.4.0\63a938370957f899a63f77c0b0f7b2c483bca76d\helidon-microprofile-1.4.0.jar;C:\Users\Mikipmax\.gradle\caches\modules-2\files-2.1\org.postgresql\postgresql\42.2.8\6f394c7df5600d11b221f356ff020440d2ece44f\postgresql-42.2.8.jar;C:\Users\Mikipmax\.gradle\caches\modules-2\files-2.1\org.apache.commons\commons-dbcp2\2.7.0\ac3c5077659b4b9140e8fa63e855e0437fe94357\commons-dbcp2-2.7.0.jar;C:\Users\Mikipmax\.gradle\caches\modules-2\files-2.1\org.glassfish.jersey.media\jersey-media-json-jackson\2.29.1\e16c6b8d486604ac55a2b5f49b20e75564e7979b\jersey-media-json-jackson-2.29.1.jar;C:\Users\Mikipmax\.gradle\caches\modules-2\files-2.1\org.glassfish.jaxb\jaxb-runtime\2.3.2\5528bc882ea499a09d720b42af11785c4fc6be2a\jaxb-runtime-2.3.2.jar;C:\Users\Mikipmax\.gradle\caches\modules-2\files-2.1\org.microprofile-ext.config-ext\configsource-consul\1.0.9\4fe98765a952d7710d55f772c5f0fc425adcae4\configsource-consul-1.0.9.jar;C:\Users\Mikipmax\.gradle\caches\modules-2\files-2.1\com.ecwid.consul\consul-api\1.4.4\37ca281b4f85012227b43c3c596d2d2f0a0e3381\consul-api-1.4.4.jar;C:\Users\Mikipmax\.gradle\caches\modules-2\files-2.1\org.jboss.resteasy\resteasy-client\3.9.2.Final\913ff38a00a939f2e8a16dc91a267a57a25d31e1\resteasy-client-3.9.2.Final.jar;C:\Users\Mikipmax\.gradle\caches\modules-2\files-2.1\javax.xml.bind\jaxb-api\2.3.1\8531ad5ac454cc2deb9d4d32c40c4d7451939b5d\jaxb-api-2.3.1.jar;C:\Users\Mikipmax\.gradle\caches\modules-2\files-2.1\io.helidon.microprofile.bundles\helidon-microprofile-core\1.4.0\f79302d592c3dc1b4d2ec15ae43eaf47b4ed08ea\helidon-microprofile-core-1.4.0.jar;C:\Users\Mikipmax\.gradle\caches\modules-2\files-2.1\io.helidon.microprofile.config\helidon-microprofile-config-cdi\1.4.0\6bbcc3c989b458d52d315e05bf462a840325ffbe\helidon-micr
Launcher Type: SUN_STANDARD

[Global flags]
     intx CICompilerCount                          = 4                                         {product} {ergonomic}
     uint ConcGCThreads                            = 2                                         {product} {ergonomic}
     uint G1ConcRefinementThreads                  = 8                                         {product} {ergonomic}
   size_t G1HeapRegionSize                         = 1048576                                   {product} {ergonomic}
    uintx GCDrainStackTargetSize                   = 64                                        {product} {ergonomic}
   size_t InitialHeapSize                          = 268435456                                 {product} {ergonomic}
   size_t MarkStackSize                            = 4194304                                   {product} {ergonomic}
   size_t MaxHeapSize                              = 4278190080                                {product} {ergonomic}
   size_t MaxNewSize                               = 2566914048                                {product} {ergonomic}
   size_t MinHeapDeltaBytes                        = 1048576                                   {product} {ergonomic}
    uintx NonNMethodCodeHeapSize                   = 5836300                                {pd product} {ergonomic}
    uintx NonProfiledCodeHeapSize                  = 122910970                              {pd product} {ergonomic}
    uintx ProfiledCodeHeapSize                     = 122910970                              {pd product} {ergonomic}
    uintx ReservedCodeCacheSize                    = 251658240                              {pd product} {ergonomic}
     bool SegmentedCodeCache                       = true                                      {product} {ergonomic}
     bool UseCompressedClassPointers               = true                                 {lp64_product} {ergonomic}
     bool UseCompressedOops                        = true                                 {lp64_product} {ergonomic}
     bool UseG1GC                                  = true                                      {product} {ergonomic}
     bool UseLargePagesIndividualAllocation        = false                                  {pd product} {ergonomic}

Logging:
Log output configuration:
 #0: stdout all=warning uptime,level,tags
 #1: stderr all=off uptime,level,tags

Environment Variables:
JAVA_HOME=C:\Program Files\Java\jdk-11.0.6
PATH=C:/Program Files/Java/jdk-11.0.6/bin/server;C:/Program Files/Java/jdk-11.0.6/bin;C:\Program Files\Java\jdk-11.0.6\bin;C:\Windows;C:\Windows\System32\Wbem;C:\Windows\System32\WindowsPowerShell\v1.0\;C:\Windows\System32\OpenSSH\;C:\Program Files (x86)\NVIDIA Corporation\PhysX\Common;C:\Program Files\NVIDIA Corporation\NVIDIA NvDLISR;C:\Windows\System32;C:\Users\Mikipmax\AppData\Local\Microsoft\WindowsApps;C:\Users\Mikipmax\Downloads\Compressed\spring-tool-suite-4-4.3.2.RELEASE-e4.12.0-win32.win32.x86_64\sts-4.3.2.RELEASE;
USERNAME=Mikipmax
OS=Windows_NT
PROCESSOR_IDENTIFIER=Intel64 Family 6 Model 60 Stepping 3, GenuineIntel



---------------  S Y S T E M  ---------------

OS: Windows 10 , 64 bit Build 18362 (10.0.18362.329)

CPU:total 8 (initial active 8) (4 cores per cpu, 2 threads per core) family 6 model 60 stepping 3, cmov, cx8, fxsr, mmx, sse, sse2, sse3, ssse3, sse4.1, sse4.2, popcnt, avx, avx2, aes, clmul, erms, lzcnt, ht, tsc, tscinvbit, bmi1, bmi2, fma

Memory: 4k page, system-wide physical 16319M (9057M free)
TotalPageFile size 18751M (AvailPageFile size 6913M)
current process WorkingSet (physical memory assigned to process): 95M, peak: 95M
current process commit charge ("private bytes"): 369M, peak: 371M

vm_info: Java HotSpot(TM) 64-Bit Server VM (11.0.6+8-LTS) for windows-amd64 JRE (11.0.6+8-LTS), built on Dec 11 2019 09:17:57 by "mach5one" with MS VC++ 15.5 (VS2017)

END.
